warning: `VIRTUAL_ENV=/home/vengel-kuraggidim-sitagi/PycharmProjects/fiscal-cidadao/.venv` does not match the project environment path `.venv` and will be ignored; use `--active` to target the active environment instead
2026-04-23 00:50:47,251 INFO [leniency] Starting extraction...
2026-04-23 00:50:47,273 INFO [leniency] Starting transformation...
2026-04-23 00:50:47,568 INFO [leniency] Starting load...
2026-04-23 00:50:47,568 WARNING [provenance:nodes:LeniencyAgreement] 115/115 rows violate contract (sample: row 0: missing ['source_id', 'source_url', 'ingested_at', 'run_id']; row 1: missing ['source_id', 'source_url', 'ingested_at', 'run_id']; row 2: missing ['source_id', 'source_url', 'ingested_at', 'run_id'])
2026-04-23 00:50:48,103 WARNING [provenance:nodes:Company] 1/1 rows violate contract (sample: row 0: missing ['source_id', 'source_url', 'ingested_at', 'run_id'])
2026-04-23 00:50:48,556 WARNING [provenance:nodes:Company] 1/1 rows violate contract (sample: row 0: missing ['source_id', 'source_url', 'ingested_at', 'run_id'])
2026-04-23 00:50:48,659 WARNING [provenance:nodes:Company] 1/1 rows violate contract (sample: row 0: missing ['source_id', 'source_url', 'ingested_at', 'run_id'])
2026-04-23 00:50:49,070 WARNING [provenance:nodes:Company] 1/1 rows violate contract (sample: row 0: missing ['source_id', 'source_url', 'ingested_at', 'run_id'])
2026-04-23 00:50:49,319 WARNING [provenance:nodes:Company] 1/1 rows violate contract (sample: row 0: missing ['source_id', 'source_url', 'ingested_at', 'run_id'])
2026-04-23 00:50:49,515 WARNING [provenance:nodes:Company] 1/1 rows violate contract (sample: row 0: missing ['source_id', 'source_url', 'ingested_at', 'run_id'])
2026-04-23 00:50:49,612 WARNING [provenance:nodes:Company] 1/1 rows violate contract (sample: row 0: missing ['source_id', 'source_url', 'ingested_at', 'run_id'])
2026-04-23 00:50:49,734 WARNING [provenance:nodes:Company] 1/1 rows violate contract (sample: row 0: missing ['source_id', 'source_url', 'ingested_at', 'run_id'])
2026-04-23 00:50:49,854 WARNING [provenance:nodes:Company] 1/1 rows violate contract (sample: row 0: missing ['source_id', 'source_url', 'ingested_at', 'run_id'])
2026-04-23 00:50:49,967 WARNING [provenance:nodes:Company] 1/1 rows violate contract (sample: row 0: missing ['source_id', 'source_url', 'ingested_at', 'run_id'])
2026-04-23 00:50:50,065 WARNING [provenance:nodes:Company] 1/1 rows violate contract (sample: row 0: missing ['source_id', 'source_url', 'ingested_at', 'run_id'])
2026-04-23 00:50:50,236 WARNING [provenance:nodes:Company] 1/1 rows violate contract (sample: row 0: missing ['source_id', 'source_url', 'ingested_at', 'run_id'])
2026-04-23 00:50:50,530 WARNING [provenance:nodes:Company] 1/1 rows violate contract (sample: row 0: missing ['source_id', 'source_url', 'ingested_at', 'run_id'])
2026-04-23 00:50:50,668 WARNING [provenance:nodes:Company] 1/1 rows violate contract (sample: row 0: missing ['source_id', 'source_url', 'ingested_at', 'run_id'])
2026-04-23 00:50:50,741 WARNING [provenance:nodes:Company] 1/1 rows violate contract (sample: row 0: missing ['source_id', 'source_url', 'ingested_at', 'run_id'])
2026-04-23 00:50:50,813 WARNING [provenance:nodes:Company] 1/1 rows violate contract (sample: row 0: missing ['source_id', 'source_url', 'ingested_at', 'run_id'])
2026-04-23 00:50:50,935 WARNING [provenance:nodes:Company] 1/1 rows violate contract (sample: row 0: missing ['source_id', 'source_url', 'ingested_at', 'run_id'])
2026-04-23 00:50:51,046 WARNING [provenance:nodes:Company] 1/1 rows violate contract (sample: row 0: missing ['source_id', 'source_url', 'ingested_at', 'run_id'])
2026-04-23 00:50:51,108 WARNING [provenance:nodes:Company] 1/1 rows violate contract (sample: row 0: missing ['source_id', 'source_url', 'ingested_at', 'run_id'])
2026-04-23 00:50:51,241 WARNING [provenance:nodes:Company] 1/1 rows violate contract (sample: row 0: missing ['source_id', 'source_url', 'ingested_at', 'run_id'])
2026-04-23 00:50:51,376 WARNING [provenance:nodes:Company] 1/1 rows violate contract (sample: row 0: missing ['source_id', 'source_url', 'ingested_at', 'run_id'])
2026-04-23 00:50:51,607 WARNING [provenance:nodes:Company] 1/1 rows violate contract (sample: row 0: missing ['source_id', 'source_url', 'ingested_at', 'run_id'])
2026-04-23 00:50:51,691 WARNING [provenance:nodes:Company] 1/1 rows violate contract (sample: row 0: missing ['source_id', 'source_url', 'ingested_at', 'run_id'])
2026-04-23 00:50:51,804 WARNING [provenance:nodes:Company] 1/1 rows violate contract (sample: row 0: missing ['source_id', 'source_url', 'ingested_at', 'run_id'])
2026-04-23 00:50:52,210 WARNING [provenance:nodes:Company] 1/1 rows violate contract (sample: row 0: missing ['source_id', 'source_url', 'ingested_at', 'run_id'])
2026-04-23 00:50:52,548 WARNING [provenance:nodes:Company] 1/1 rows violate contract (sample: row 0: missing ['source_id', 'source_url', 'ingested_at', 'run_id'])
2026-04-23 00:50:52,658 WARNING [provenance:nodes:Company] 1/1 rows violate contract (sample: row 0: missing ['source_id', 'source_url', 'ingested_at', 'run_id'])
2026-04-23 00:50:52,745 WARNING [provenance:nodes:Company] 1/1 rows violate contract (sample: row 0: missing ['source_id', 'source_url', 'ingested_at', 'run_id'])
2026-04-23 00:50:52,808 WARNING [provenance:nodes:Company] 1/1 rows violate contract (sample: row 0: missing ['source_id', 'source_url', 'ingested_at', 'run_id'])
2026-04-23 00:50:53,052 WARNING [provenance:nodes:Company] 1/1 rows violate contract (sample: row 0: missing ['source_id', 'source_url', 'ingested_at', 'run_id'])
2026-04-23 00:50:53,189 WARNING [provenance:nodes:Company] 1/1 rows violate contract (sample: row 0: missing ['source_id', 'source_url', 'ingested_at', 'run_id'])
2026-04-23 00:50:53,274 WARNING [provenance:nodes:Company] 1/1 rows violate contract (sample: row 0: missing ['source_id', 'source_url', 'ingested_at', 'run_id'])
2026-04-23 00:50:53,518 WARNING [provenance:nodes:Company] 1/1 rows violate contract (sample: row 0: missing ['source_id', 'source_url', 'ingested_at', 'run_id'])
2026-04-23 00:50:53,961 WARNING [provenance:nodes:Company] 1/1 rows violate contract (sample: row 0: missing ['source_id', 'source_url', 'ingested_at', 'run_id'])
2026-04-23 00:50:54,167 WARNING [provenance:nodes:Company] 1/1 rows violate contract (sample: row 0: missing ['source_id', 'source_url', 'ingested_at', 'run_id'])
2026-04-23 00:50:54,193 WARNING [provenance:nodes:Company] 1/1 rows violate contract (sample: row 0: missing ['source_id', 'source_url', 'ingested_at', 'run_id'])
2026-04-23 00:50:54,242 WARNING [provenance:nodes:Company] 1/1 rows violate contract (sample: row 0: missing ['source_id', 'source_url', 'ingested_at', 'run_id'])
2026-04-23 00:50:54,605 WARNING [provenance:nodes:Company] 1/1 rows violate contract (sample: row 0: missing ['source_id', 'source_url', 'ingested_at', 'run_id'])
2026-04-23 00:50:54,670 WARNING [provenance:nodes:Company] 1/1 rows violate contract (sample: row 0: missing ['source_id', 'source_url', 'ingested_at', 'run_id'])
2026-04-23 00:50:54,765 WARNING [provenance:nodes:Company] 1/1 rows violate contract (sample: row 0: missing ['source_id', 'source_url', 'ingested_at', 'run_id'])
2026-04-23 00:50:54,903 WARNING [provenance:nodes:Company] 1/1 rows violate contract (sample: row 0: missing ['source_id', 'source_url', 'ingested_at', 'run_id'])
2026-04-23 00:50:55,221 WARNING [provenance:nodes:Company] 1/1 rows violate contract (sample: row 0: missing ['source_id', 'source_url', 'ingested_at', 'run_id'])
2026-04-23 00:50:55,318 WARNING [provenance:nodes:Company] 1/1 rows violate contract (sample: row 0: missing ['source_id', 'source_url', 'ingested_at', 'run_id'])
2026-04-23 00:50:55,442 WARNING [provenance:nodes:Company] 1/1 rows violate contract (sample: row 0: missing ['source_id', 'source_url', 'ingested_at', 'run_id'])
2026-04-23 00:50:55,612 WARNING [provenance:nodes:Company] 1/1 rows violate contract (sample: row 0: missing ['source_id', 'source_url', 'ingested_at', 'run_id'])
2026-04-23 00:50:55,734 WARNING [provenance:nodes:Company] 1/1 rows violate contract (sample: row 0: missing ['source_id', 'source_url', 'ingested_at', 'run_id'])
2026-04-23 00:50:55,968 WARNING [provenance:nodes:Company] 1/1 rows violate contract (sample: row 0: missing ['source_id', 'source_url', 'ingested_at', 'run_id'])
2026-04-23 00:50:56,113 WARNING [provenance:nodes:Company] 1/1 rows violate contract (sample: row 0: missing ['source_id', 'source_url', 'ingested_at', 'run_id'])
2026-04-23 00:50:56,263 WARNING [provenance:nodes:Company] 1/1 rows violate contract (sample: row 0: missing ['source_id', 'source_url', 'ingested_at', 'run_id'])
2026-04-23 00:50:56,312 WARNING [provenance:nodes:Company] 1/1 rows violate contract (sample: row 0: missing ['source_id', 'source_url', 'ingested_at', 'run_id'])
2026-04-23 00:50:56,422 WARNING [provenance:nodes:Company] 1/1 rows violate contract (sample: row 0: missing ['source_id', 'source_url', 'ingested_at', 'run_id'])
2026-04-23 00:50:56,569 WARNING [provenance:nodes:Company] 1/1 rows violate contract (sample: row 0: missing ['source_id', 'source_url', 'ingested_at', 'run_id'])
2026-04-23 00:50:56,655 WARNING [provenance:nodes:Company] 1/1 rows violate contract (sample: row 0: missing ['source_id', 'source_url', 'ingested_at', 'run_id'])
2026-04-23 00:50:56,823 WARNING [provenance:nodes:Company] 1/1 rows violate contract (sample: row 0: missing ['source_id', 'source_url', 'ingested_at', 'run_id'])
2026-04-23 00:50:56,897 WARNING [provenance:nodes:Company] 1/1 rows violate contract (sample: row 0: missing ['source_id', 'source_url', 'ingested_at', 'run_id'])
2026-04-23 00:50:57,131 WARNING [provenance:nodes:Company] 1/1 rows violate contract (sample: row 0: missing ['source_id', 'source_url', 'ingested_at', 'run_id'])
2026-04-23 00:50:57,500 WARNING [provenance:nodes:Company] 1/1 rows violate contract (sample: row 0: missing ['source_id', 'source_url', 'ingested_at', 'run_id'])
2026-04-23 00:50:57,642 WARNING [provenance:nodes:Company] 1/1 rows violate contract (sample: row 0: missing ['source_id', 'source_url', 'ingested_at', 'run_id'])
2026-04-23 00:50:57,826 WARNING [provenance:nodes:Company] 1/1 rows violate contract (sample: row 0: missing ['source_id', 'source_url', 'ingested_at', 'run_id'])
2026-04-23 00:50:57,927 WARNING [provenance:nodes:Company] 1/1 rows violate contract (sample: row 0: missing ['source_id', 'source_url', 'ingested_at', 'run_id'])
2026-04-23 00:50:58,137 WARNING [provenance:nodes:Company] 1/1 rows violate contract (sample: row 0: missing ['source_id', 'source_url', 'ingested_at', 'run_id'])
2026-04-23 00:50:58,268 WARNING [provenance:nodes:Company] 1/1 rows violate contract (sample: row 0: missing ['source_id', 'source_url', 'ingested_at', 'run_id'])
2026-04-23 00:50:58,319 WARNING [provenance:nodes:Company] 1/1 rows violate contract (sample: row 0: missing ['source_id', 'source_url', 'ingested_at', 'run_id'])
2026-04-23 00:50:58,369 WARNING [provenance:nodes:Company] 1/1 rows violate contract (sample: row 0: missing ['source_id', 'source_url', 'ingested_at', 'run_id'])
2026-04-23 00:50:58,476 WARNING [provenance:nodes:Company] 1/1 rows violate contract (sample: row 0: missing ['source_id', 'source_url', 'ingested_at', 'run_id'])
2026-04-23 00:50:58,552 WARNING [provenance:nodes:Company] 1/1 rows violate contract (sample: row 0: missing ['source_id', 'source_url', 'ingested_at', 'run_id'])
2026-04-23 00:50:58,694 WARNING [provenance:nodes:Company] 1/1 rows violate contract (sample: row 0: missing ['source_id', 'source_url', 'ingested_at', 'run_id'])
2026-04-23 00:50:58,759 WARNING [provenance:nodes:Company] 1/1 rows violate contract (sample: row 0: missing ['source_id', 'source_url', 'ingested_at', 'run_id'])
2026-04-23 00:50:58,810 WARNING [provenance:nodes:Company] 1/1 rows violate contract (sample: row 0: missing ['source_id', 'source_url', 'ingested_at', 'run_id'])
2026-04-23 00:50:58,891 WARNING [provenance:nodes:Company] 1/1 rows violate contract (sample: row 0: missing ['source_id', 'source_url', 'ingested_at', 'run_id'])
2026-04-23 00:50:58,940 WARNING [provenance:nodes:Company] 1/1 rows violate contract (sample: row 0: missing ['source_id', 'source_url', 'ingested_at', 'run_id'])
2026-04-23 00:50:59,040 WARNING [provenance:nodes:Company] 1/1 rows violate contract (sample: row 0: missing ['source_id', 'source_url', 'ingested_at', 'run_id'])
2026-04-23 00:50:59,128 WARNING [provenance:nodes:Company] 1/1 rows violate contract (sample: row 0: missing ['source_id', 'source_url', 'ingested_at', 'run_id'])
2026-04-23 00:50:59,185 WARNING [provenance:nodes:Company] 1/1 rows violate contract (sample: row 0: missing ['source_id', 'source_url', 'ingested_at', 'run_id'])
2026-04-23 00:50:59,238 WARNING [provenance:nodes:Company] 1/1 rows violate contract (sample: row 0: missing ['source_id', 'source_url', 'ingested_at', 'run_id'])
2026-04-23 00:50:59,371 WARNING [provenance:nodes:Company] 1/1 rows violate contract (sample: row 0: missing ['source_id', 'source_url', 'ingested_at', 'run_id'])
2026-04-23 00:50:59,494 WARNING [provenance:nodes:Company] 1/1 rows violate contract (sample: row 0: missing ['source_id', 'source_url', 'ingested_at', 'run_id'])
2026-04-23 00:50:59,628 WARNING [provenance:nodes:Company] 1/1 rows violate contract (sample: row 0: missing ['source_id', 'source_url', 'ingested_at', 'run_id'])
2026-04-23 00:50:59,703 WARNING [provenance:nodes:Company] 1/1 rows violate contract (sample: row 0: missing ['source_id', 'source_url', 'ingested_at', 'run_id'])
2026-04-23 00:50:59,751 WARNING [provenance:nodes:Company] 1/1 rows violate contract (sample: row 0: missing ['source_id', 'source_url', 'ingested_at', 'run_id'])
2026-04-23 00:50:59,801 WARNING [provenance:nodes:Company] 1/1 rows violate contract (sample: row 0: missing ['source_id', 'source_url', 'ingested_at', 'run_id'])
2026-04-23 00:50:59,908 WARNING [provenance:nodes:Company] 1/1 rows violate contract (sample: row 0: missing ['source_id', 'source_url', 'ingested_at', 'run_id'])
2026-04-23 00:51:00,031 WARNING [provenance:nodes:Company] 1/1 rows violate contract (sample: row 0: missing ['source_id', 'source_url', 'ingested_at', 'run_id'])
2026-04-23 00:51:00,117 WARNING [provenance:nodes:Company] 1/1 rows violate contract (sample: row 0: missing ['source_id', 'source_url', 'ingested_at', 'run_id'])
2026-04-23 00:51:00,401 WARNING [provenance:nodes:Company] 1/1 rows violate contract (sample: row 0: missing ['source_id', 'source_url', 'ingested_at', 'run_id'])
2026-04-23 00:51:00,580 WARNING [provenance:nodes:Company] 1/1 rows violate contract (sample: row 0: missing ['source_id', 'source_url', 'ingested_at', 'run_id'])
2026-04-23 00:51:00,765 WARNING [provenance:nodes:Company] 1/1 rows violate contract (sample: row 0: missing ['source_id', 'source_url', 'ingested_at', 'run_id'])
2026-04-23 00:51:01,024 WARNING [provenance:nodes:Company] 1/1 rows violate contract (sample: row 0: missing ['source_id', 'source_url', 'ingested_at', 'run_id'])
2026-04-23 00:51:01,499 WARNING [provenance:nodes:Company] 1/1 rows violate contract (sample: row 0: missing ['source_id', 'source_url', 'ingested_at', 'run_id'])
2026-04-23 00:51:01,587 WARNING [provenance:nodes:Company] 1/1 rows violate contract (sample: row 0: missing ['source_id', 'source_url', 'ingested_at', 'run_id'])
2026-04-23 00:51:01,772 WARNING [provenance:nodes:Company] 1/1 rows violate contract (sample: row 0: missing ['source_id', 'source_url', 'ingested_at', 'run_id'])
2026-04-23 00:51:01,940 WARNING [provenance:nodes:Company] 1/1 rows violate contract (sample: row 0: missing ['source_id', 'source_url', 'ingested_at', 'run_id'])
2026-04-23 00:51:02,103 WARNING [provenance:nodes:Company] 1/1 rows violate contract (sample: row 0: missing ['source_id', 'source_url', 'ingested_at', 'run_id'])
2026-04-23 00:51:02,260 WARNING [provenance:nodes:Company] 1/1 rows violate contract (sample: row 0: missing ['source_id', 'source_url', 'ingested_at', 'run_id'])
2026-04-23 00:51:02,275 WARNING [provenance:nodes:Company] 1/1 rows violate contract (sample: row 0: missing ['source_id', 'source_url', 'ingested_at', 'run_id'])
2026-04-23 00:51:02,381 WARNING [provenance:nodes:Company] 1/1 rows violate contract (sample: row 0: missing ['source_id', 'source_url', 'ingested_at', 'run_id'])
2026-04-23 00:51:02,445 WARNING [provenance:nodes:Company] 1/1 rows violate contract (sample: row 0: missing ['source_id', 'source_url', 'ingested_at', 'run_id'])
2026-04-23 00:51:02,503 WARNING [provenance:nodes:Company] 1/1 rows violate contract (sample: row 0: missing ['source_id', 'source_url', 'ingested_at', 'run_id'])
2026-04-23 00:51:02,514 WARNING [provenance:nodes:Company] 1/1 rows violate contract (sample: row 0: missing ['source_id', 'source_url', 'ingested_at', 'run_id'])
2026-04-23 00:51:02,527 WARNING [provenance:nodes:Company] 1/1 rows violate contract (sample: row 0: missing ['source_id', 'source_url', 'ingested_at', 'run_id'])
2026-04-23 00:51:02,604 WARNING [provenance:nodes:Company] 1/1 rows violate contract (sample: row 0: missing ['source_id', 'source_url', 'ingested_at', 'run_id'])
2026-04-23 00:51:02,765 WARNING [provenance:nodes:Company] 1/1 rows violate contract (sample: row 0: missing ['source_id', 'source_url', 'ingested_at', 'run_id'])
2026-04-23 00:51:02,826 WARNING [provenance:nodes:Company] 1/1 rows violate contract (sample: row 0: missing ['source_id', 'source_url', 'ingested_at', 'run_id'])
2026-04-23 00:51:02,899 WARNING [provenance:nodes:Company] 1/1 rows violate contract (sample: row 0: missing ['source_id', 'source_url', 'ingested_at', 'run_id'])
2026-04-23 00:51:02,994 WARNING [provenance:nodes:Company] 1/1 rows violate contract (sample: row 0: missing ['source_id', 'source_url', 'ingested_at', 'run_id'])
2026-04-23 00:51:03,053 WARNING [provenance:nodes:Company] 1/1 rows violate contract (sample: row 0: missing ['source_id', 'source_url', 'ingested_at', 'run_id'])
2026-04-23 00:51:03,131 WARNING [provenance:nodes:Company] 1/1 rows violate contract (sample: row 0: missing ['source_id', 'source_url', 'ingested_at', 'run_id'])
2026-04-23 00:51:03,312 WARNING [provenance:nodes:Company] 1/1 rows violate contract (sample: row 0: missing ['source_id', 'source_url', 'ingested_at', 'run_id'])
2026-04-23 00:51:03,336 WARNING [provenance:nodes:Company] 1/1 rows violate contract (sample: row 0: missing ['source_id', 'source_url', 'ingested_at', 'run_id'])
2026-04-23 00:51:03,348 WARNING [provenance:nodes:Company] 1/1 rows violate contract (sample: row 0: missing ['source_id', 'source_url', 'ingested_at', 'run_id'])
2026-04-23 00:51:03,471 WARNING [provenance:nodes:Company] 1/1 rows violate contract (sample: row 0: missing ['source_id', 'source_url', 'ingested_at', 'run_id'])
2026-04-23 00:51:03,715 WARNING [provenance:nodes:Company] 1/1 rows violate contract (sample: row 0: missing ['source_id', 'source_url', 'ingested_at', 'run_id'])
2026-04-23 00:51:03,767 WARNING [provenance:nodes:Company] 1/1 rows violate contract (sample: row 0: missing ['source_id', 'source_url', 'ingested_at', 'run_id'])
2026-04-23 00:51:03,841 WARNING [provenance:nodes:Company] 1/1 rows violate contract (sample: row 0: missing ['source_id', 'source_url', 'ingested_at', 'run_id'])
2026-04-23 00:51:03,915 WARNING [provenance:nodes:Company] 1/1 rows violate contract (sample: row 0: missing ['source_id', 'source_url', 'ingested_at', 'run_id'])
2026-04-23 00:51:03,963 WARNING [provenance:nodes:Company] 1/1 rows violate contract (sample: row 0: missing ['source_id', 'source_url', 'ingested_at', 'run_id'])
2026-04-23 00:51:04,026 WARNING [provenance:nodes:Company] 1/1 rows violate contract (sample: row 0: missing ['source_id', 'source_url', 'ingested_at', 'run_id'])
2026-04-23 00:51:04,073 WARNING [provenance:nodes:Company] 1/1 rows violate contract (sample: row 0: missing ['source_id', 'source_url', 'ingested_at', 'run_id'])
2026-04-23 00:51:04,124 WARNING [provenance:nodes:Company] 1/1 rows violate contract (sample: row 0: missing ['source_id', 'source_url', 'ingested_at', 'run_id'])
2026-04-23 00:51:04,172 WARNING [provenance:nodes:Company] 1/1 rows violate contract (sample: row 0: missing ['source_id', 'source_url', 'ingested_at', 'run_id'])
2026-04-23 00:51:04,229 WARNING [provenance:nodes:Company] 1/1 rows violate contract (sample: row 0: missing ['source_id', 'source_url', 'ingested_at', 'run_id'])
2026-04-23 00:51:04,270 WARNING [provenance:nodes:Company] 1/1 rows violate contract (sample: row 0: missing ['source_id', 'source_url', 'ingested_at', 'run_id'])
2026-04-23 00:51:04,662 INFO [leniency] Pipeline complete.
2026-04-23 00:51:04,663 INFO No post-load linking hook configured for source=leniency
