warning: `VIRTUAL_ENV=/home/vengel-kuraggidim-sitagi/PycharmProjects/fiscal-cidadao/.venv` does not match the project environment path `.venv` and will be ignored; use `--active` to target the active environment instead
2026-04-22 21:04:08,730 INFO [secrets] resolvendo projects/fiscal-cidadao-493716/secrets/fiscal-cidadao-neo4j-password/versions/latest via GCP Secret Manager
2026-04-22 21:04:11,287 INFO [sanctions] Starting extraction...
2026-04-22 21:04:11,679 INFO [sanctions] Starting transformation...
2026-04-22 21:04:55,798 INFO [sanctions] Starting load...
2026-04-22 21:04:56,496 WARNING [provenance:nodes:Sanction] 24036/24036 rows violate contract (sample: row 0: missing ['source_id', 'source_url', 'ingested_at', 'run_id']; row 1: missing ['source_id', 'source_url', 'ingested_at', 'run_id']; row 2: missing ['source_id', 'source_url', 'ingested_at', 'run_id'])
2026-04-22 21:05:12,143 INFO   Batch written: 24036 rows (cumulative: 24036)
2026-04-22 21:05:12,143 WARNING [provenance:nodes:Person] 1/1 rows violate contract (sample: row 0: missing ['source_id', 'source_url', 'ingested_at', 'run_id'])
2026-04-22 21:05:12,374 WARNING [provenance:nodes:Person] 1/1 rows violate contract (sample: row 0: missing ['source_id', 'source_url', 'ingested_at', 'run_id'])
2026-04-22 21:05:12,560 WARNING [provenance:nodes:Person] 1/1 rows violate contract (sample: row 0: missing ['source_id', 'source_url', 'ingested_at', 'run_id'])
2026-04-22 21:05:12,756 WARNING [provenance:nodes:Person] 1/1 rows violate contract (sample: row 0: missing ['source_id', 'source_url', 'ingested_at', 'run_id'])
2026-04-22 21:05:12,948 WARNING [provenance:nodes:Person] 1/1 rows violate contract (sample: row 0: missing ['source_id', 'source_url', 'ingested_at', 'run_id'])
2026-04-22 21:05:13,131 WARNING [provenance:nodes:Person] 1/1 rows violate contract (sample: row 0: missing ['source_id', 'source_url', 'ingested_at', 'run_id'])
2026-04-22 21:05:13,317 WARNING [provenance:nodes:Person] 1/1 rows violate contract (sample: row 0: missing ['source_id', 'source_url', 'ingested_at', 'run_id'])
2026-04-22 21:05:13,511 WARNING [provenance:nodes:Person] 1/1 rows violate contract (sample: row 0: missing ['source_id', 'source_url', 'ingested_at', 'run_id'])
2026-04-22 21:05:13,699 WARNING [provenance:nodes:Person] 1/1 rows violate contract (sample: row 0: missing ['source_id', 'source_url', 'ingested_at', 'run_id'])
2026-04-22 21:05:13,894 WARNING [provenance:nodes:Person] 1/1 rows violate contract (sample: row 0: missing ['source_id', 'source_url', 'ingested_at', 'run_id'])
2026-04-22 21:05:14,098 WARNING [provenance:nodes:Person] 1/1 rows violate contract (sample: row 0: missing ['source_id', 'source_url', 'ingested_at', 'run_id'])
2026-04-22 21:05:14,298 WARNING [provenance:nodes:Person] 1/1 rows violate contract (sample: row 0: missing ['source_id', 'source_url', 'ingested_at', 'run_id'])
2026-04-22 21:05:14,480 WARNING [provenance:nodes:Person] 1/1 rows violate contract (sample: row 0: missing ['source_id', 'source_url', 'ingested_at', 'run_id'])
2026-04-22 21:05:14,662 WARNING [provenance:nodes:Person] 1/1 rows violate contract (sample: row 0: missing ['source_id', 'source_url', 'ingested_at', 'run_id'])
2026-04-22 21:05:14,848 WARNING [provenance:nodes:Person] 1/1 rows violate contract (sample: row 0: missing ['source_id', 'source_url', 'ingested_at', 'run_id'])
2026-04-22 21:05:15,046 WARNING [provenance:nodes:Person] 1/1 rows violate contract (sample: row 0: missing ['source_id', 'source_url', 'ingested_at', 'run_id'])
2026-04-22 21:05:15,237 WARNING [provenance:nodes:Person] 1/1 rows violate contract (sample: row 0: missing ['source_id', 'source_url', 'ingested_at', 'run_id'])
2026-04-22 21:05:15,426 WARNING [provenance:nodes:Person] 1/1 rows violate contract (sample: row 0: missing ['source_id', 'source_url', 'ingested_at', 'run_id'])
2026-04-22 21:05:15,617 WARNING [provenance:nodes:Person] 1/1 rows violate contract (sample: row 0: missing ['source_id', 'source_url', 'ingested_at', 'run_id'])
2026-04-22 21:05:15,803 WARNING [provenance:nodes:Person] 1/1 rows violate contract (sample: row 0: missing ['source_id', 'source_url', 'ingested_at', 'run_id'])
2026-04-22 21:05:16,002 WARNING [provenance:nodes:Person] 1/1 rows violate contract (sample: row 0: missing ['source_id', 'source_url', 'ingested_at', 'run_id'])
2026-04-22 21:05:16,192 WARNING [provenance:nodes:Person] 1/1 rows violate contract (sample: row 0: missing ['source_id', 'source_url', 'ingested_at', 'run_id'])
2026-04-22 21:05:16,376 WARNING [provenance:nodes:Person] 1/1 rows violate contract (sample: row 0: missing ['source_id', 'source_url', 'ingested_at', 'run_id'])
2026-04-22 21:05:16,624 WARNING [provenance:nodes:Person] 1/1 rows violate contract (sample: row 0: missing ['source_id', 'source_url', 'ingested_at', 'run_id'])
2026-04-22 21:05:16,808 WARNING [provenance:nodes:Person] 1/1 rows violate contract (sample: row 0: missing ['source_id', 'source_url', 'ingested_at', 'run_id'])
2026-04-22 21:05:16,990 WARNING [provenance:nodes:Person] 1/1 rows violate contract (sample: row 0: missing ['source_id', 'source_url', 'ingested_at', 'run_id'])
2026-04-22 21:05:17,172 WARNING [provenance:nodes:Person] 1/1 rows violate contract (sample: row 0: missing ['source_id', 'source_url', 'ingested_at', 'run_id'])
2026-04-22 21:05:17,372 WARNING [provenance:nodes:Person] 1/1 rows violate contract (sample: row 0: missing ['source_id', 'source_url', 'ingested_at', 'run_id'])
2026-04-22 21:05:17,556 WARNING [provenance:nodes:Person] 1/1 rows violate contract (sample: row 0: missing ['source_id', 'source_url', 'ingested_at', 'run_id'])
2026-04-22 21:05:17,740 WARNING [provenance:nodes:Person] 1/1 rows violate contract (sample: row 0: missing ['source_id', 'source_url', 'ingested_at', 'run_id'])
2026-04-22 21:05:17,934 WARNING [provenance:nodes:Person] 1/1 rows violate contract (sample: row 0: missing ['source_id', 'source_url', 'ingested_at', 'run_id'])
2026-04-22 21:05:18,117 WARNING [provenance:nodes:Person] 1/1 rows violate contract (sample: row 0: missing ['source_id', 'source_url', 'ingested_at', 'run_id'])
2026-04-22 21:05:18,298 WARNING [provenance:nodes:Person] 1/1 rows violate contract (sample: row 0: missing ['source_id', 'source_url', 'ingested_at', 'run_id'])
2026-04-22 21:05:18,494 WARNING [provenance:nodes:Person] 1/1 rows violate contract (sample: row 0: missing ['source_id', 'source_url', 'ingested_at', 'run_id'])
2026-04-22 21:05:18,677 WARNING [provenance:nodes:Person] 1/1 rows violate contract (sample: row 0: missing ['source_id', 'source_url', 'ingested_at', 'run_id'])
2026-04-22 21:05:18,866 WARNING [provenance:nodes:Person] 1/1 rows violate contract (sample: row 0: missing ['source_id', 'source_url', 'ingested_at', 'run_id'])
2026-04-22 21:05:19,048 WARNING [provenance:nodes:Person] 1/1 rows violate contract (sample: row 0: missing ['source_id', 'source_url', 'ingested_at', 'run_id'])
2026-04-22 21:05:19,232 WARNING [provenance:nodes:Person] 1/1 rows violate contract (sample: row 0: missing ['source_id', 'source_url', 'ingested_at', 'run_id'])
2026-04-22 21:05:19,426 WARNING [provenance:nodes:Person] 1/1 rows violate contract (sample: row 0: missing ['source_id', 'source_url', 'ingested_at', 'run_id'])
2026-04-22 21:05:19,608 WARNING [provenance:nodes:Person] 1/1 rows violate contract (sample: row 0: missing ['source_id', 'source_url', 'ingested_at', 'run_id'])
2026-04-22 21:05:19,867 WARNING [provenance:nodes:Person] 1/1 rows violate contract (sample: row 0: missing ['source_id', 'source_url', 'ingested_at', 'run_id'])
2026-04-22 21:05:20,233 WARNING [provenance:nodes:Person] 1/1 rows violate contract (sample: row 0: missing ['source_id', 'source_url', 'ingested_at', 'run_id'])
2026-04-22 21:05:20,419 WARNING [provenance:nodes:Person] 1/1 rows violate contract (sample: row 0: missing ['source_id', 'source_url', 'ingested_at', 'run_id'])
2026-04-22 21:05:20,613 WARNING [provenance:nodes:Person] 1/1 rows violate contract (sample: row 0: missing ['source_id', 'source_url', 'ingested_at', 'run_id'])
2026-04-22 21:05:20,907 WARNING [provenance:nodes:Person] 1/1 rows violate contract (sample: row 0: missing ['source_id', 'source_url', 'ingested_at', 'run_id'])
2026-04-22 21:05:21,090 WARNING [provenance:nodes:Person] 1/1 rows violate contract (sample: row 0: missing ['source_id', 'source_url', 'ingested_at', 'run_id'])
2026-04-22 21:05:21,273 WARNING [provenance:nodes:Person] 1/1 rows violate contract (sample: row 0: missing ['source_id', 'source_url', 'ingested_at', 'run_id'])
2026-04-22 21:05:21,457 WARNING [provenance:nodes:Person] 1/1 rows violate contract (sample: row 0: missing ['source_id', 'source_url', 'ingested_at', 'run_id'])
2026-04-22 21:05:21,642 WARNING [provenance:nodes:Person] 1/1 rows violate contract (sample: row 0: missing ['source_id', 'source_url', 'ingested_at', 'run_id'])
2026-04-22 21:05:21,824 WARNING [provenance:nodes:Person] 1/1 rows violate contract (sample: row 0: missing ['source_id', 'source_url', 'ingested_at', 'run_id'])
2026-04-22 21:05:22,008 WARNING [provenance:nodes:Person] 1/1 rows violate contract (sample: row 0: missing ['source_id', 'source_url', 'ingested_at', 'run_id'])
2026-04-22 21:05:22,219 WARNING [provenance:nodes:Person] 1/1 rows violate contract (sample: row 0: missing ['source_id', 'source_url', 'ingested_at', 'run_id'])
2026-04-22 21:05:22,436 WARNING [provenance:nodes:Person] 1/1 rows violate contract (sample: row 0: missing ['source_id', 'source_url', 'ingested_at', 'run_id'])
2026-04-22 21:05:22,620 WARNING [provenance:nodes:Person] 1/1 rows violate contract (sample: row 0: missing ['source_id', 'source_url', 'ingested_at', 'run_id'])
2026-04-22 21:05:22,796 WARNING [provenance:nodes:Person] 1/1 rows violate contract (sample: row 0: missing ['source_id', 'source_url', 'ingested_at', 'run_id'])
2026-04-22 21:05:22,988 WARNING [provenance:nodes:Person] 1/1 rows violate contract (sample: row 0: missing ['source_id', 'source_url', 'ingested_at', 'run_id'])
2026-04-22 21:05:23,171 WARNING [provenance:nodes:Person] 1/1 rows violate contract (sample: row 0: missing ['source_id', 'source_url', 'ingested_at', 'run_id'])
2026-04-22 21:05:23,356 WARNING [provenance:nodes:Person] 1/1 rows violate contract (sample: row 0: missing ['source_id', 'source_url', 'ingested_at', 'run_id'])
2026-04-22 21:05:23,541 WARNING [provenance:nodes:Person] 1/1 rows violate contract (sample: row 0: missing ['source_id', 'source_url', 'ingested_at', 'run_id'])
2026-04-22 21:05:23,919 WARNING [provenance:nodes:Person] 1/1 rows violate contract (sample: row 0: missing ['source_id', 'source_url', 'ingested_at', 'run_id'])
2026-04-22 21:05:24,105 WARNING [provenance:nodes:Person] 1/1 rows violate contract (sample: row 0: missing ['source_id', 'source_url', 'ingested_at', 'run_id'])
2026-04-22 21:05:24,286 WARNING [provenance:nodes:Person] 1/1 rows violate contract (sample: row 0: missing ['source_id', 'source_url', 'ingested_at', 'run_id'])
2026-04-22 21:05:24,470 WARNING [provenance:nodes:Person] 1/1 rows violate contract (sample: row 0: missing ['source_id', 'source_url', 'ingested_at', 'run_id'])
2026-04-22 21:05:24,654 WARNING [provenance:nodes:Person] 1/1 rows violate contract (sample: row 0: missing ['source_id', 'source_url', 'ingested_at', 'run_id'])
2026-04-22 21:05:24,837 WARNING [provenance:nodes:Person] 1/1 rows violate contract (sample: row 0: missing ['source_id', 'source_url', 'ingested_at', 'run_id'])
2026-04-22 21:05:25,032 WARNING [provenance:nodes:Person] 1/1 rows violate contract (sample: row 0: missing ['source_id', 'source_url', 'ingested_at', 'run_id'])
2026-04-22 21:05:25,216 WARNING [provenance:nodes:Person] 1/1 rows violate contract (sample: row 0: missing ['source_id', 'source_url', 'ingested_at', 'run_id'])
2026-04-22 21:05:25,400 WARNING [provenance:nodes:Person] 1/1 rows violate contract (sample: row 0: missing ['source_id', 'source_url', 'ingested_at', 'run_id'])
2026-04-22 21:05:25,583 WARNING [provenance:nodes:Person] 1/1 rows violate contract (sample: row 0: missing ['source_id', 'source_url', 'ingested_at', 'run_id'])
2026-04-22 21:05:25,767 WARNING [provenance:nodes:Person] 1/1 rows violate contract (sample: row 0: missing ['source_id', 'source_url', 'ingested_at', 'run_id'])
2026-04-22 21:05:25,955 WARNING [provenance:nodes:Person] 1/1 rows violate contract (sample: row 0: missing ['source_id', 'source_url', 'ingested_at', 'run_id'])
2026-04-22 21:05:26,135 WARNING [provenance:nodes:Person] 1/1 rows violate contract (sample: row 0: missing ['source_id', 'source_url', 'ingested_at', 'run_id'])
2026-04-22 21:05:26,321 WARNING [provenance:nodes:Person] 1/1 rows violate contract (sample: row 0: missing ['source_id', 'source_url', 'ingested_at', 'run_id'])
2026-04-22 21:05:26,502 WARNING [provenance:nodes:Person] 1/1 rows violate contract (sample: row 0: missing ['source_id', 'source_url', 'ingested_at', 'run_id'])
2026-04-22 21:05:26,685 WARNING [provenance:nodes:Person] 1/1 rows violate contract (sample: row 0: missing ['source_id', 'source_url', 'ingested_at', 'run_id'])
2026-04-22 21:05:26,869 WARNING [provenance:nodes:Person] 1/1 rows violate contract (sample: row 0: missing ['source_id', 'source_url', 'ingested_at', 'run_id'])
2026-04-22 21:05:27,056 WARNING [provenance:nodes:Person] 1/1 rows violate contract (sample: row 0: missing ['source_id', 'source_url', 'ingested_at', 'run_id'])
2026-04-22 21:05:27,241 WARNING [provenance:nodes:Person] 1/1 rows violate contract (sample: row 0: missing ['source_id', 'source_url', 'ingested_at', 'run_id'])
2026-04-22 21:05:27,432 WARNING [provenance:nodes:Person] 1/1 rows violate contract (sample: row 0: missing ['source_id', 'source_url', 'ingested_at', 'run_id'])
2026-04-22 21:05:27,618 WARNING [provenance:nodes:Person] 1/1 rows violate contract (sample: row 0: missing ['source_id', 'source_url', 'ingested_at', 'run_id'])
2026-04-22 21:05:27,800 WARNING [provenance:nodes:Person] 1/1 rows violate contract (sample: row 0: missing ['source_id', 'source_url', 'ingested_at', 'run_id'])
2026-04-22 21:05:27,983 WARNING [provenance:nodes:Person] 1/1 rows violate contract (sample: row 0: missing ['source_id', 'source_url', 'ingested_at', 'run_id'])
2026-04-22 21:05:28,167 WARNING [provenance:nodes:Person] 1/1 rows violate contract (sample: row 0: missing ['source_id', 'source_url', 'ingested_at', 'run_id'])
2026-04-22 21:05:28,350 WARNING [provenance:nodes:Person] 1/1 rows violate contract (sample: row 0: missing ['source_id', 'source_url', 'ingested_at', 'run_id'])
2026-04-22 21:05:28,535 WARNING [provenance:nodes:Person] 1/1 rows violate contract (sample: row 0: missing ['source_id', 'source_url', 'ingested_at', 'run_id'])
2026-04-22 21:05:28,719 WARNING [provenance:nodes:Person] 1/1 rows violate contract (sample: row 0: missing ['source_id', 'source_url', 'ingested_at', 'run_id'])
2026-04-22 21:05:28,913 WARNING [provenance:nodes:Person] 1/1 rows violate contract (sample: row 0: missing ['source_id', 'source_url', 'ingested_at', 'run_id'])
2026-04-22 21:05:29,097 WARNING [provenance:nodes:Person] 1/1 rows violate contract (sample: row 0: missing ['source_id', 'source_url', 'ingested_at', 'run_id'])
