warning: `VIRTUAL_ENV=/home/vengel-kuraggidim-sitagi/PycharmProjects/fiscal-cidadao/.venv` does not match the project environment path `.venv` and will be ignored; use `--active` to target the active environment instead
2026-04-23 01:20:19,483 INFO [stj_dados_abertos] Starting extraction...
Traceback (most recent call last):
  File "/home/vengel-kuraggidim-sitagi/PycharmProjects/fiscal-cidadao/etl/.venv/bin/bracc-etl", line 10, in <module>
    sys.exit(cli())
             ^^^^^
  File "/home/vengel-kuraggidim-sitagi/PycharmProjects/fiscal-cidadao/etl/.venv/lib/python3.12/site-packages/click/core.py", line 1485, in __call__
    return self.main(*args, **kwargs)
           ^^^^^^^^^^^^^^^^^^^^^^^^^^
  File "/home/vengel-kuraggidim-sitagi/PycharmProjects/fiscal-cidadao/etl/.venv/lib/python3.12/site-packages/click/core.py", line 1406, in main
    rv = self.invoke(ctx)
         ^^^^^^^^^^^^^^^^
  File "/home/vengel-kuraggidim-sitagi/PycharmProjects/fiscal-cidadao/etl/.venv/lib/python3.12/site-packages/click/core.py", line 1873, in invoke
    return _process_result(sub_ctx.command.invoke(sub_ctx))
                           ^^^^^^^^^^^^^^^^^^^^^^^^^^^^^^^
  File "/home/vengel-kuraggidim-sitagi/PycharmProjects/fiscal-cidadao/etl/.venv/lib/python3.12/site-packages/click/core.py", line 1269, in invoke
    return ctx.invoke(self.callback, **ctx.params)
           ^^^^^^^^^^^^^^^^^^^^^^^^^^^^^^^^^^^^^^^
  File "/home/vengel-kuraggidim-sitagi/PycharmProjects/fiscal-cidadao/etl/.venv/lib/python3.12/site-packages/click/core.py", line 824, in invoke
    return callback(*args, **kwargs)
           ^^^^^^^^^^^^^^^^^^^^^^^^^
  File "/home/vengel-kuraggidim-sitagi/PycharmProjects/fiscal-cidadao/etl/src/bracc_etl/runner.py", line 354, in run
    pipeline.run()
  File "/home/vengel-kuraggidim-sitagi/PycharmProjects/fiscal-cidadao/etl/src/bracc_etl/base.py", line 110, in run
    self.extract()
  File "/home/vengel-kuraggidim-sitagi/PycharmProjects/fiscal-cidadao/etl/src/bracc_etl/pipelines/stj_dados_abertos.py", line 78, in extract
    raise FileNotFoundError(msg)
FileNotFoundError: STJ CSV not found: ../data/stj_dados_abertos/decisoes.csv
